<?xml version="1.0" encoding="UTF-8"?>
<testsuite name="testRunner.AmazonTestRunner" tests="0" skipped="0" failures="0" errors="0" timestamp="1970-01-01T00:00:00" hostname="TestVagrants-MacBook-Pro-2.local" time="0.0">
  <properties/>
  <system-out><![CDATA[
?[33mUndefined scenarios:?[0m
?[33mfile:///Users/abhishek/Downloads/cucumber-sample/src/test/java/Features/AmazonSearch.feature:3?[0m# Verify Search Results

1 Scenarios (?[33m1 undefined?[0m)
4 Steps (?[33m4 undefined?[0m)
0m0.288s


You can implement missing steps with the snippets below:

@Given("I launch Chrome browser")
public void i_launch_Chrome_browser() {
    // Write code here that turns the phrase above into concrete actions
    throw new io.cucumber.java.PendingException();
}

@When("I Open Amazon Home Page")
public void i_Open_Amazon_Home_Page() {
    // Write code here that turns the phrase above into concrete actions
    throw new io.cucumber.java.PendingException();
}

@When("Search for mobile")
public void search_for_mobile() {
    // Write code here that turns the phrase above into concrete actions
    throw new io.cucumber.java.PendingException();
}

@Then("Search results for mobile should be displayed")
public void search_results_for_mobile_should_be_displayed() {
    // Write code here that turns the phrase above into concrete actions
    throw new io.cucumber.java.PendingException();
}


]]></system-out>
  <system-err><![CDATA[May 15, 2020 2:14:21 PM io.cucumber.junit.Cucumber <init>
WARNING: By default Cucumber is running in --non-strict mode.
This default will change to --strict and --non-strict will be removed.
You can use --strict or @CucumberOptions(strict = true) to suppress this warning
]]></system-err>
</testsuite>
