<?xml version="1.0" encoding="UTF-8"?>
<testsuite name="Amazon Search" tests="1" skipped="1" failures="0" errors="0" timestamp="2020-05-15T08:44:21" hostname="TestVagrants-MacBook-Pro-2.local" time="0.281">
  <properties/>
  <testcase name="Verify Search Results" classname="Amazon Search" time="0.281">
    <skipped/>
  </testcase>
  <system-out><![CDATA[]]></system-out>
  <system-err><![CDATA[]]></system-err>
</testsuite>
